<?xml version="1.0" encoding="UTF-8"?>
<testng-results skipped="0" failed="0" ignored="0" total="2" passed="2">
  <reporter-output>
  </reporter-output>
  <suite name="Default suite" duration-ms="4790" started-at="2020-02-15T06:30:31Z" finished-at="2020-02-15T06:30:36Z">
    <groups>
    </groups>
    <test name="Default test" duration-ms="4790" started-at="2020-02-15T06:30:31Z" finished-at="2020-02-15T06:30:36Z">
      <class name="Test.BasicsOfRestAssured">
        <test-method status="PASS" signature="F1()[pri:0, instance:Test.BasicsOfRestAssured@598067a5]" name="F1" duration-ms="3706" started-at="2020-02-15T12:00:31Z" finished-at="2020-02-15T12:00:35Z">
          <reporter-output>
          </reporter-output>
        </test-method> <!-- F1 -->
        <test-method status="PASS" signature="TestGoogle()[pri:0, instance:Test.BasicsOfRestAssured@598067a5]" name="TestGoogle" duration-ms="997" started-at="2020-02-15T12:00:35Z" finished-at="2020-02-15T12:00:36Z">
          <reporter-output>
          </reporter-output>
        </test-method> <!-- TestGoogle -->
      </class> <!-- Test.BasicsOfRestAssured -->
    </test> <!-- Default test -->
  </suite> <!-- Default suite -->
</testng-results>
